{"/home/nuno-casaleiro/Documents/NunoPersonal/Padel/backoffice/src/server.js": {"path":"/home/nuno-casaleiro/Documents/NunoPersonal/Padel/backoffice/src/server.js","statementMap":{"0":{"start":{"line":1,"column":16},"end":{"line":1,"column":34}},"1":{"start":{"line":2,"column":13},"end":{"line":2,"column":28}},"2":{"start":{"line":3,"column":12},"end":{"line":3,"column":35}},"3":{"start":{"line":4,"column":11},"end":{"line":4,"column":35}},"4":{"start":{"line":7,"column":17},"end":{"line":7,"column":54}},"5":{"start":{"line":8,"column":13},"end":{"line":8,"column":46}},"6":{"start":{"line":9,"column":15},"end":{"line":9,"column":50}},"7":{"start":{"line":10,"column":14},"end":{"line":10,"column":48}},"8":{"start":{"line":11,"column":17},"end":{"line":11,"column":54}},"9":{"start":{"line":12,"column":13},"end":{"line":12,"column":46}},"10":{"start":{"line":13,"column":20},"end":{"line":13,"column":52}},"11":{"start":{"line":15,"column":12},"end":{"line":15,"column":21}},"12":{"start":{"line":16,"column":13},"end":{"line":16,"column":37}},"13":{"start":{"line":17,"column":19},"end":{"line":17,"column":87}},"14":{"start":{"line":20,"column":0},"end":{"line":20,"column":24}},"15":{"start":{"line":21,"column":0},"end":{"line":21,"column":59}},"16":{"start":{"line":24,"column":0},"end":{"line":31,"column":3}},"17":{"start":{"line":25,"column":2},"end":{"line":30,"column":3}},"18":{"start":{"line":26,"column":23},"end":{"line":26,"column":40}},"19":{"start":{"line":27,"column":4},"end":{"line":27,"column":25}},"20":{"start":{"line":29,"column":4},"end":{"line":29,"column":51}},"21":{"start":{"line":33,"column":0},"end":{"line":43,"column":3}},"22":{"start":{"line":34,"column":2},"end":{"line":42,"column":3}},"23":{"start":{"line":35,"column":21},"end":{"line":35,"column":52}},"24":{"start":{"line":36,"column":4},"end":{"line":38,"column":5}},"25":{"start":{"line":37,"column":6},"end":{"line":37,"column":67}},"26":{"start":{"line":39,"column":4},"end":{"line":39,"column":23}},"27":{"start":{"line":41,"column":4},"end":{"line":41,"column":51}},"28":{"start":{"line":45,"column":0},"end":{"line":56,"column":3}},"29":{"start":{"line":46,"column":2},"end":{"line":55,"column":3}},"30":{"start":{"line":47,"column":21},"end":{"line":47,"column":29}},"31":{"start":{"line":48,"column":4},"end":{"line":50,"column":5}},"32":{"start":{"line":49,"column":6},"end":{"line":49,"column":65}},"33":{"start":{"line":51,"column":21},"end":{"line":51,"column":42}},"34":{"start":{"line":52,"column":4},"end":{"line":52,"column":35}},"35":{"start":{"line":54,"column":4},"end":{"line":54,"column":51}},"36":{"start":{"line":58,"column":0},"end":{"line":69,"column":3}},"37":{"start":{"line":59,"column":2},"end":{"line":68,"column":3}},"38":{"start":{"line":60,"column":21},"end":{"line":60,"column":29}},"39":{"start":{"line":61,"column":4},"end":{"line":63,"column":5}},"40":{"start":{"line":62,"column":6},"end":{"line":62,"column":65}},"41":{"start":{"line":64,"column":21},"end":{"line":64,"column":57}},"42":{"start":{"line":65,"column":4},"end":{"line":65,"column":23}},"43":{"start":{"line":67,"column":4},"end":{"line":67,"column":51}},"44":{"start":{"line":71,"column":0},"end":{"line":78,"column":3}},"45":{"start":{"line":72,"column":2},"end":{"line":77,"column":3}},"46":{"start":{"line":73,"column":4},"end":{"line":73,"column":35}},"47":{"start":{"line":74,"column":4},"end":{"line":74,"column":27}},"48":{"start":{"line":76,"column":4},"end":{"line":76,"column":51}},"49":{"start":{"line":81,"column":0},"end":{"line":98,"column":3}},"50":{"start":{"line":82,"column":2},"end":{"line":97,"column":3}},"51":{"start":{"line":83,"column":35},"end":{"line":83,"column":44}},"52":{"start":{"line":86,"column":4},"end":{"line":92,"column":5}},"53":{"start":{"line":87,"column":6},"end":{"line":87,"column":50}},"54":{"start":{"line":88,"column":11},"end":{"line":92,"column":5}},"55":{"start":{"line":89,"column":6},"end":{"line":89,"column":46}},"56":{"start":{"line":91,"column":6},"end":{"line":91,"column":28}},"57":{"start":{"line":94,"column":4},"end":{"line":94,"column":20}},"58":{"start":{"line":96,"column":4},"end":{"line":96,"column":51}},"59":{"start":{"line":100,"column":0},"end":{"line":110,"column":3}},"60":{"start":{"line":101,"column":2},"end":{"line":109,"column":3}},"61":{"start":{"line":102,"column":17},"end":{"line":102,"column":44}},"62":{"start":{"line":103,"column":4},"end":{"line":105,"column":5}},"63":{"start":{"line":104,"column":6},"end":{"line":104,"column":63}},"64":{"start":{"line":106,"column":4},"end":{"line":106,"column":19}},"65":{"start":{"line":108,"column":4},"end":{"line":108,"column":51}},"66":{"start":{"line":112,"column":0},"end":{"line":123,"column":3}},"67":{"start":{"line":113,"column":2},"end":{"line":122,"column":3}},"68":{"start":{"line":114,"column":46},"end":{"line":114,"column":54}},"69":{"start":{"line":115,"column":4},"end":{"line":117,"column":5}},"70":{"start":{"line":116,"column":6},"end":{"line":116,"column":95}},"71":{"start":{"line":118,"column":17},"end":{"line":118,"column":59}},"72":{"start":{"line":119,"column":4},"end":{"line":119,"column":31}},"73":{"start":{"line":121,"column":4},"end":{"line":121,"column":51}},"74":{"start":{"line":125,"column":0},"end":{"line":136,"column":3}},"75":{"start":{"line":126,"column":2},"end":{"line":135,"column":3}},"76":{"start":{"line":127,"column":46},"end":{"line":127,"column":54}},"77":{"start":{"line":128,"column":4},"end":{"line":130,"column":5}},"78":{"start":{"line":129,"column":6},"end":{"line":129,"column":95}},"79":{"start":{"line":131,"column":17},"end":{"line":131,"column":74}},"80":{"start":{"line":132,"column":4},"end":{"line":132,"column":19}},"81":{"start":{"line":134,"column":4},"end":{"line":134,"column":51}},"82":{"start":{"line":138,"column":0},"end":{"line":145,"column":3}},"83":{"start":{"line":139,"column":2},"end":{"line":144,"column":3}},"84":{"start":{"line":140,"column":4},"end":{"line":140,"column":31}},"85":{"start":{"line":141,"column":4},"end":{"line":141,"column":27}},"86":{"start":{"line":143,"column":4},"end":{"line":143,"column":51}},"87":{"start":{"line":148,"column":0},"end":{"line":163,"column":3}},"88":{"start":{"line":149,"column":2},"end":{"line":162,"column":3}},"89":{"start":{"line":150,"column":24},"end":{"line":150,"column":33}},"90":{"start":{"line":153,"column":4},"end":{"line":157,"column":5}},"91":{"start":{"line":154,"column":6},"end":{"line":154,"column":42}},"92":{"start":{"line":156,"column":6},"end":{"line":156,"column":32}},"93":{"start":{"line":159,"column":4},"end":{"line":159,"column":22}},"94":{"start":{"line":161,"column":4},"end":{"line":161,"column":51}},"95":{"start":{"line":165,"column":0},"end":{"line":175,"column":3}},"96":{"start":{"line":166,"column":2},"end":{"line":174,"column":3}},"97":{"start":{"line":167,"column":19},"end":{"line":167,"column":48}},"98":{"start":{"line":168,"column":4},"end":{"line":170,"column":5}},"99":{"start":{"line":169,"column":6},"end":{"line":169,"column":65}},"100":{"start":{"line":171,"column":4},"end":{"line":171,"column":21}},"101":{"start":{"line":173,"column":4},"end":{"line":173,"column":51}},"102":{"start":{"line":177,"column":0},"end":{"line":188,"column":3}},"103":{"start":{"line":178,"column":2},"end":{"line":187,"column":3}},"104":{"start":{"line":179,"column":44},"end":{"line":179,"column":52}},"105":{"start":{"line":180,"column":4},"end":{"line":182,"column":5}},"106":{"start":{"line":181,"column":6},"end":{"line":181,"column":78}},"107":{"start":{"line":183,"column":19},"end":{"line":183,"column":61}},"108":{"start":{"line":184,"column":4},"end":{"line":184,"column":33}},"109":{"start":{"line":186,"column":4},"end":{"line":186,"column":51}},"110":{"start":{"line":190,"column":0},"end":{"line":201,"column":3}},"111":{"start":{"line":191,"column":2},"end":{"line":200,"column":3}},"112":{"start":{"line":192,"column":44},"end":{"line":192,"column":52}},"113":{"start":{"line":193,"column":4},"end":{"line":195,"column":5}},"114":{"start":{"line":194,"column":6},"end":{"line":194,"column":78}},"115":{"start":{"line":196,"column":19},"end":{"line":196,"column":76}},"116":{"start":{"line":197,"column":4},"end":{"line":197,"column":21}},"117":{"start":{"line":199,"column":4},"end":{"line":199,"column":51}},"118":{"start":{"line":203,"column":0},"end":{"line":210,"column":3}},"119":{"start":{"line":204,"column":2},"end":{"line":209,"column":3}},"120":{"start":{"line":205,"column":4},"end":{"line":205,"column":33}},"121":{"start":{"line":206,"column":4},"end":{"line":206,"column":27}},"122":{"start":{"line":208,"column":4},"end":{"line":208,"column":51}},"123":{"start":{"line":213,"column":0},"end":{"line":230,"column":3}},"124":{"start":{"line":214,"column":2},"end":{"line":229,"column":3}},"125":{"start":{"line":215,"column":36},"end":{"line":215,"column":45}},"126":{"start":{"line":218,"column":4},"end":{"line":224,"column":5}},"127":{"start":{"line":219,"column":6},"end":{"line":219,"column":42}},"128":{"start":{"line":220,"column":11},"end":{"line":224,"column":5}},"129":{"start":{"line":221,"column":6},"end":{"line":221,"column":49}},"130":{"start":{"line":223,"column":6},"end":{"line":223,"column":31}},"131":{"start":{"line":226,"column":4},"end":{"line":226,"column":22}},"132":{"start":{"line":228,"column":4},"end":{"line":228,"column":51}},"133":{"start":{"line":232,"column":0},"end":{"line":242,"column":3}},"134":{"start":{"line":233,"column":2},"end":{"line":241,"column":3}},"135":{"start":{"line":234,"column":18},"end":{"line":234,"column":46}},"136":{"start":{"line":235,"column":4},"end":{"line":237,"column":5}},"137":{"start":{"line":236,"column":6},"end":{"line":236,"column":64}},"138":{"start":{"line":238,"column":4},"end":{"line":238,"column":20}},"139":{"start":{"line":240,"column":4},"end":{"line":240,"column":51}},"140":{"start":{"line":244,"column":0},"end":{"line":251,"column":3}},"141":{"start":{"line":245,"column":2},"end":{"line":250,"column":3}},"142":{"start":{"line":246,"column":18},"end":{"line":246,"column":40}},"143":{"start":{"line":247,"column":4},"end":{"line":247,"column":32}},"144":{"start":{"line":249,"column":4},"end":{"line":249,"column":51}},"145":{"start":{"line":253,"column":0},"end":{"line":260,"column":3}},"146":{"start":{"line":254,"column":2},"end":{"line":259,"column":3}},"147":{"start":{"line":255,"column":18},"end":{"line":255,"column":55}},"148":{"start":{"line":256,"column":4},"end":{"line":256,"column":20}},"149":{"start":{"line":258,"column":4},"end":{"line":258,"column":51}},"150":{"start":{"line":262,"column":0},"end":{"line":269,"column":3}},"151":{"start":{"line":263,"column":2},"end":{"line":268,"column":3}},"152":{"start":{"line":264,"column":4},"end":{"line":264,"column":32}},"153":{"start":{"line":265,"column":4},"end":{"line":265,"column":27}},"154":{"start":{"line":267,"column":4},"end":{"line":267,"column":51}},"155":{"start":{"line":272,"column":0},"end":{"line":299,"column":3}},"156":{"start":{"line":273,"column":2},"end":{"line":298,"column":3}},"157":{"start":{"line":274,"column":18},"end":{"line":274,"column":46}},"158":{"start":{"line":275,"column":4},"end":{"line":277,"column":5}},"159":{"start":{"line":276,"column":6},"end":{"line":276,"column":64}},"160":{"start":{"line":279,"column":21},"end":{"line":279,"column":29}},"161":{"start":{"line":280,"column":4},"end":{"line":282,"column":5}},"162":{"start":{"line":281,"column":6},"end":{"line":281,"column":74}},"163":{"start":{"line":284,"column":19},"end":{"line":284,"column":41}},"164":{"start":{"line":285,"column":21},"end":{"line":285,"column":48}},"165":{"start":{"line":287,"column":4},"end":{"line":287,"column":42}},"166":{"start":{"line":290,"column":4},"end":{"line":292,"column":5}},"167":{"start":{"line":294,"column":25},"end":{"line":294,"column":53}},"168":{"start":{"line":295,"column":4},"end":{"line":295,"column":27}},"169":{"start":{"line":297,"column":4},"end":{"line":297,"column":51}},"170":{"start":{"line":301,"column":0},"end":{"line":323,"column":3}},"171":{"start":{"line":302,"column":2},"end":{"line":322,"column":3}},"172":{"start":{"line":303,"column":18},"end":{"line":303,"column":46}},"173":{"start":{"line":304,"column":4},"end":{"line":306,"column":5}},"174":{"start":{"line":305,"column":6},"end":{"line":305,"column":64}},"175":{"start":{"line":308,"column":21},"end":{"line":308,"column":29}},"176":{"start":{"line":309,"column":4},"end":{"line":311,"column":5}},"177":{"start":{"line":310,"column":6},"end":{"line":310,"column":74}},"178":{"start":{"line":313,"column":19},"end":{"line":313,"column":41}},"179":{"start":{"line":314,"column":21},"end":{"line":314,"column":48}},"180":{"start":{"line":316,"column":4},"end":{"line":316,"column":42}},"181":{"start":{"line":318,"column":25},"end":{"line":318,"column":53}},"182":{"start":{"line":319,"column":4},"end":{"line":319,"column":27}},"183":{"start":{"line":321,"column":4},"end":{"line":321,"column":51}},"184":{"start":{"line":325,"column":0},"end":{"line":333,"column":3}},"185":{"start":{"line":326,"column":2},"end":{"line":332,"column":3}},"186":{"start":{"line":327,"column":4},"end":{"line":327,"column":55}},"187":{"start":{"line":328,"column":18},"end":{"line":328,"column":46}},"188":{"start":{"line":329,"column":4},"end":{"line":329,"column":20}},"189":{"start":{"line":331,"column":4},"end":{"line":331,"column":51}},"190":{"start":{"line":335,"column":0},"end":{"line":343,"column":3}},"191":{"start":{"line":336,"column":2},"end":{"line":342,"column":3}},"192":{"start":{"line":337,"column":4},"end":{"line":337,"column":56}},"193":{"start":{"line":338,"column":18},"end":{"line":338,"column":46}},"194":{"start":{"line":339,"column":4},"end":{"line":339,"column":20}},"195":{"start":{"line":341,"column":4},"end":{"line":341,"column":51}},"196":{"start":{"line":346,"column":0},"end":{"line":363,"column":3}},"197":{"start":{"line":347,"column":2},"end":{"line":362,"column":3}},"198":{"start":{"line":348,"column":35},"end":{"line":348,"column":44}},"199":{"start":{"line":351,"column":4},"end":{"line":357,"column":5}},"200":{"start":{"line":352,"column":6},"end":{"line":352,"column":58}},"201":{"start":{"line":353,"column":11},"end":{"line":357,"column":5}},"202":{"start":{"line":354,"column":6},"end":{"line":354,"column":54}},"203":{"start":{"line":356,"column":6},"end":{"line":356,"column":36}},"204":{"start":{"line":359,"column":4},"end":{"line":359,"column":24}},"205":{"start":{"line":361,"column":4},"end":{"line":361,"column":51}},"206":{"start":{"line":365,"column":0},"end":{"line":373,"column":3}},"207":{"start":{"line":366,"column":2},"end":{"line":372,"column":3}},"208":{"start":{"line":367,"column":4},"end":{"line":367,"column":79}},"209":{"start":{"line":368,"column":22},"end":{"line":368,"column":82}},"210":{"start":{"line":369,"column":4},"end":{"line":369,"column":24}},"211":{"start":{"line":371,"column":4},"end":{"line":371,"column":51}},"212":{"start":{"line":376,"column":0},"end":{"line":383,"column":3}},"213":{"start":{"line":377,"column":2},"end":{"line":382,"column":3}},"214":{"start":{"line":378,"column":18},"end":{"line":378,"column":31}},"215":{"start":{"line":379,"column":4},"end":{"line":379,"column":20}},"216":{"start":{"line":381,"column":4},"end":{"line":381,"column":51}},"217":{"start":{"line":385,"column":0},"end":{"line":395,"column":3}},"218":{"start":{"line":386,"column":2},"end":{"line":394,"column":3}},"219":{"start":{"line":387,"column":17},"end":{"line":387,"column":44}},"220":{"start":{"line":388,"column":4},"end":{"line":390,"column":5}},"221":{"start":{"line":389,"column":6},"end":{"line":389,"column":63}},"222":{"start":{"line":391,"column":4},"end":{"line":391,"column":19}},"223":{"start":{"line":393,"column":4},"end":{"line":393,"column":51}},"224":{"start":{"line":397,"column":0},"end":{"line":408,"column":3}},"225":{"start":{"line":398,"column":2},"end":{"line":407,"column":3}},"226":{"start":{"line":399,"column":41},"end":{"line":399,"column":49}},"227":{"start":{"line":400,"column":4},"end":{"line":402,"column":5}},"228":{"start":{"line":401,"column":6},"end":{"line":401,"column":90}},"229":{"start":{"line":403,"column":17},"end":{"line":403,"column":54}},"230":{"start":{"line":404,"column":4},"end":{"line":404,"column":31}},"231":{"start":{"line":406,"column":4},"end":{"line":406,"column":51}},"232":{"start":{"line":410,"column":0},"end":{"line":420,"column":3}},"233":{"start":{"line":411,"column":2},"end":{"line":419,"column":3}},"234":{"start":{"line":412,"column":17},"end":{"line":412,"column":53}},"235":{"start":{"line":413,"column":4},"end":{"line":415,"column":5}},"236":{"start":{"line":414,"column":6},"end":{"line":414,"column":63}},"237":{"start":{"line":416,"column":4},"end":{"line":416,"column":19}},"238":{"start":{"line":418,"column":4},"end":{"line":418,"column":51}},"239":{"start":{"line":422,"column":0},"end":{"line":429,"column":3}},"240":{"start":{"line":423,"column":2},"end":{"line":428,"column":3}},"241":{"start":{"line":424,"column":4},"end":{"line":424,"column":31}},"242":{"start":{"line":425,"column":4},"end":{"line":425,"column":27}},"243":{"start":{"line":427,"column":4},"end":{"line":427,"column":51}},"244":{"start":{"line":432,"column":0},"end":{"line":469,"column":3}},"245":{"start":{"line":433,"column":2},"end":{"line":468,"column":3}},"246":{"start":{"line":434,"column":35},"end":{"line":434,"column":43}},"247":{"start":{"line":435,"column":4},"end":{"line":437,"column":5}},"248":{"start":{"line":436,"column":6},"end":{"line":436,"column":83}},"249":{"start":{"line":439,"column":17},"end":{"line":439,"column":54}},"250":{"start":{"line":440,"column":4},"end":{"line":442,"column":5}},"251":{"start":{"line":441,"column":6},"end":{"line":441,"column":68}},"252":{"start":{"line":445,"column":18},"end":{"line":453,"column":5}},"253":{"start":{"line":456,"column":4},"end":{"line":464,"column":7}},"254":{"start":{"line":466,"column":4},"end":{"line":466,"column":41}},"255":{"start":{"line":467,"column":4},"end":{"line":467,"column":51}},"256":{"start":{"line":472,"column":0},"end":{"line":474,"column":3}},"257":{"start":{"line":473,"column":2},"end":{"line":473,"column":66}},"258":{"start":{"line":477,"column":0},"end":{"line":482,"column":1}},"259":{"start":{"line":478,"column":2},"end":{"line":481,"column":5}},"260":{"start":{"line":479,"column":4},"end":{"line":479,"column":76}},"261":{"start":{"line":480,"column":4},"end":{"line":480,"column":56}},"262":{"start":{"line":484,"column":0},"end":{"line":484,"column":21}}},"fnMap":{"0":{"name":"(anonymous_0)","decl":{"start":{"line":24,"column":27},"end":{"line":24,"column":28}},"loc":{"start":{"line":24,"column":41},"end":{"line":31,"column":1}},"line":24},"1":{"name":"(anonymous_1)","decl":{"start":{"line":33,"column":31},"end":{"line":33,"column":32}},"loc":{"start":{"line":33,"column":45},"end":{"line":43,"column":1}},"line":33},"2":{"name":"(anonymous_2)","decl":{"start":{"line":45,"column":28},"end":{"line":45,"column":29}},"loc":{"start":{"line":45,"column":42},"end":{"line":56,"column":1}},"line":45},"3":{"name":"(anonymous_3)","decl":{"start":{"line":58,"column":31},"end":{"line":58,"column":32}},"loc":{"start":{"line":58,"column":45},"end":{"line":69,"column":1}},"line":58},"4":{"name":"(anonymous_4)","decl":{"start":{"line":71,"column":34},"end":{"line":71,"column":35}},"loc":{"start":{"line":71,"column":48},"end":{"line":78,"column":1}},"line":71},"5":{"name":"(anonymous_5)","decl":{"start":{"line":81,"column":22},"end":{"line":81,"column":23}},"loc":{"start":{"line":81,"column":36},"end":{"line":98,"column":1}},"line":81},"6":{"name":"(anonymous_6)","decl":{"start":{"line":100,"column":26},"end":{"line":100,"column":27}},"loc":{"start":{"line":100,"column":40},"end":{"line":110,"column":1}},"line":100},"7":{"name":"(anonymous_7)","decl":{"start":{"line":112,"column":23},"end":{"line":112,"column":24}},"loc":{"start":{"line":112,"column":37},"end":{"line":123,"column":1}},"line":112},"8":{"name":"(anonymous_8)","decl":{"start":{"line":125,"column":26},"end":{"line":125,"column":27}},"loc":{"start":{"line":125,"column":40},"end":{"line":136,"column":1}},"line":125},"9":{"name":"(anonymous_9)","decl":{"start":{"line":138,"column":29},"end":{"line":138,"column":30}},"loc":{"start":{"line":138,"column":43},"end":{"line":145,"column":1}},"line":138},"10":{"name":"(anonymous_10)","decl":{"start":{"line":148,"column":24},"end":{"line":148,"column":25}},"loc":{"start":{"line":148,"column":38},"end":{"line":163,"column":1}},"line":148},"11":{"name":"(anonymous_11)","decl":{"start":{"line":165,"column":28},"end":{"line":165,"column":29}},"loc":{"start":{"line":165,"column":42},"end":{"line":175,"column":1}},"line":165},"12":{"name":"(anonymous_12)","decl":{"start":{"line":177,"column":25},"end":{"line":177,"column":26}},"loc":{"start":{"line":177,"column":39},"end":{"line":188,"column":1}},"line":177},"13":{"name":"(anonymous_13)","decl":{"start":{"line":190,"column":28},"end":{"line":190,"column":29}},"loc":{"start":{"line":190,"column":42},"end":{"line":201,"column":1}},"line":190},"14":{"name":"(anonymous_14)","decl":{"start":{"line":203,"column":31},"end":{"line":203,"column":32}},"loc":{"start":{"line":203,"column":45},"end":{"line":210,"column":1}},"line":203},"15":{"name":"(anonymous_15)","decl":{"start":{"line":213,"column":24},"end":{"line":213,"column":25}},"loc":{"start":{"line":213,"column":38},"end":{"line":230,"column":1}},"line":213},"16":{"name":"(anonymous_16)","decl":{"start":{"line":232,"column":28},"end":{"line":232,"column":29}},"loc":{"start":{"line":232,"column":42},"end":{"line":242,"column":1}},"line":232},"17":{"name":"(anonymous_17)","decl":{"start":{"line":244,"column":25},"end":{"line":244,"column":26}},"loc":{"start":{"line":244,"column":39},"end":{"line":251,"column":1}},"line":244},"18":{"name":"(anonymous_18)","decl":{"start":{"line":253,"column":28},"end":{"line":253,"column":29}},"loc":{"start":{"line":253,"column":42},"end":{"line":260,"column":1}},"line":253},"19":{"name":"(anonymous_19)","decl":{"start":{"line":262,"column":31},"end":{"line":262,"column":32}},"loc":{"start":{"line":262,"column":45},"end":{"line":269,"column":1}},"line":262},"20":{"name":"(anonymous_20)","decl":{"start":{"line":272,"column":45},"end":{"line":272,"column":46}},"loc":{"start":{"line":272,"column":59},"end":{"line":299,"column":1}},"line":272},"21":{"name":"(anonymous_21)","decl":{"start":{"line":301,"column":45},"end":{"line":301,"column":46}},"loc":{"start":{"line":301,"column":59},"end":{"line":323,"column":1}},"line":301},"22":{"name":"(anonymous_22)","decl":{"start":{"line":325,"column":35},"end":{"line":325,"column":36}},"loc":{"start":{"line":325,"column":49},"end":{"line":333,"column":1}},"line":325},"23":{"name":"(anonymous_23)","decl":{"start":{"line":335,"column":36},"end":{"line":335,"column":37}},"loc":{"start":{"line":335,"column":50},"end":{"line":343,"column":1}},"line":335},"24":{"name":"(anonymous_24)","decl":{"start":{"line":346,"column":26},"end":{"line":346,"column":27}},"loc":{"start":{"line":346,"column":40},"end":{"line":363,"column":1}},"line":346},"25":{"name":"(anonymous_25)","decl":{"start":{"line":365,"column":58},"end":{"line":365,"column":59}},"loc":{"start":{"line":365,"column":72},"end":{"line":373,"column":1}},"line":365},"26":{"name":"(anonymous_26)","decl":{"start":{"line":376,"column":22},"end":{"line":376,"column":23}},"loc":{"start":{"line":376,"column":36},"end":{"line":383,"column":1}},"line":376},"27":{"name":"(anonymous_27)","decl":{"start":{"line":385,"column":26},"end":{"line":385,"column":27}},"loc":{"start":{"line":385,"column":40},"end":{"line":395,"column":1}},"line":385},"28":{"name":"(anonymous_28)","decl":{"start":{"line":397,"column":23},"end":{"line":397,"column":24}},"loc":{"start":{"line":397,"column":37},"end":{"line":408,"column":1}},"line":397},"29":{"name":"(anonymous_29)","decl":{"start":{"line":410,"column":26},"end":{"line":410,"column":27}},"loc":{"start":{"line":410,"column":40},"end":{"line":420,"column":1}},"line":410},"30":{"name":"(anonymous_30)","decl":{"start":{"line":422,"column":29},"end":{"line":422,"column":30}},"loc":{"start":{"line":422,"column":43},"end":{"line":429,"column":1}},"line":422},"31":{"name":"(anonymous_31)","decl":{"start":{"line":432,"column":28},"end":{"line":432,"column":29}},"loc":{"start":{"line":432,"column":42},"end":{"line":469,"column":1}},"line":432},"32":{"name":"(anonymous_32)","decl":{"start":{"line":472,"column":23},"end":{"line":472,"column":24}},"loc":{"start":{"line":472,"column":37},"end":{"line":474,"column":1}},"line":472},"33":{"name":"(anonymous_33)","decl":{"start":{"line":478,"column":19},"end":{"line":478,"column":20}},"loc":{"start":{"line":478,"column":25},"end":{"line":481,"column":3}},"line":478}},"branchMap":{"0":{"loc":{"start":{"line":16,"column":13},"end":{"line":16,"column":37}},"type":"binary-expr","locations":[{"start":{"line":16,"column":13},"end":{"line":16,"column":29}},{"start":{"line":16,"column":33},"end":{"line":16,"column":37}}],"line":16},"1":{"loc":{"start":{"line":17,"column":19},"end":{"line":17,"column":87}},"type":"binary-expr","locations":[{"start":{"line":17,"column":19},"end":{"line":17,"column":41}},{"start":{"line":17,"column":45},"end":{"line":17,"column":87}}],"line":17},"2":{"loc":{"start":{"line":36,"column":4},"end":{"line":38,"column":5}},"type":"if","locations":[{"start":{"line":36,"column":4},"end":{"line":38,"column":5}},{"start":{},"end":{}}],"line":36},"3":{"loc":{"start":{"line":48,"column":4},"end":{"line":50,"column":5}},"type":"if","locations":[{"start":{"line":48,"column":4},"end":{"line":50,"column":5}},{"start":{},"end":{}}],"line":48},"4":{"loc":{"start":{"line":61,"column":4},"end":{"line":63,"column":5}},"type":"if","locations":[{"start":{"line":61,"column":4},"end":{"line":63,"column":5}},{"start":{},"end":{}}],"line":61},"5":{"loc":{"start":{"line":86,"column":4},"end":{"line":92,"column":5}},"type":"if","locations":[{"start":{"line":86,"column":4},"end":{"line":92,"column":5}},{"start":{"line":88,"column":11},"end":{"line":92,"column":5}}],"line":86},"6":{"loc":{"start":{"line":86,"column":8},"end":{"line":86,"column":28}},"type":"binary-expr","locations":[{"start":{"line":86,"column":8},"end":{"line":86,"column":19}},{"start":{"line":86,"column":23},"end":{"line":86,"column":28}}],"line":86},"7":{"loc":{"start":{"line":88,"column":11},"end":{"line":92,"column":5}},"type":"if","locations":[{"start":{"line":88,"column":11},"end":{"line":92,"column":5}},{"start":{"line":90,"column":11},"end":{"line":92,"column":5}}],"line":88},"8":{"loc":{"start":{"line":103,"column":4},"end":{"line":105,"column":5}},"type":"if","locations":[{"start":{"line":103,"column":4},"end":{"line":105,"column":5}},{"start":{},"end":{}}],"line":103},"9":{"loc":{"start":{"line":115,"column":4},"end":{"line":117,"column":5}},"type":"if","locations":[{"start":{"line":115,"column":4},"end":{"line":117,"column":5}},{"start":{},"end":{}}],"line":115},"10":{"loc":{"start":{"line":115,"column":8},"end":{"line":115,"column":44}},"type":"binary-expr","locations":[{"start":{"line":115,"column":8},"end":{"line":115,"column":13}},{"start":{"line":115,"column":17},"end":{"line":115,"column":29}},{"start":{"line":115,"column":33},"end":{"line":115,"column":44}}],"line":115},"11":{"loc":{"start":{"line":128,"column":4},"end":{"line":130,"column":5}},"type":"if","locations":[{"start":{"line":128,"column":4},"end":{"line":130,"column":5}},{"start":{},"end":{}}],"line":128},"12":{"loc":{"start":{"line":128,"column":8},"end":{"line":128,"column":44}},"type":"binary-expr","locations":[{"start":{"line":128,"column":8},"end":{"line":128,"column":13}},{"start":{"line":128,"column":17},"end":{"line":128,"column":29}},{"start":{"line":128,"column":33},"end":{"line":128,"column":44}}],"line":128},"13":{"loc":{"start":{"line":153,"column":4},"end":{"line":157,"column":5}},"type":"if","locations":[{"start":{"line":153,"column":4},"end":{"line":157,"column":5}},{"start":{"line":155,"column":11},"end":{"line":157,"column":5}}],"line":153},"14":{"loc":{"start":{"line":168,"column":4},"end":{"line":170,"column":5}},"type":"if","locations":[{"start":{"line":168,"column":4},"end":{"line":170,"column":5}},{"start":{},"end":{}}],"line":168},"15":{"loc":{"start":{"line":180,"column":4},"end":{"line":182,"column":5}},"type":"if","locations":[{"start":{"line":180,"column":4},"end":{"line":182,"column":5}},{"start":{},"end":{}}],"line":180},"16":{"loc":{"start":{"line":180,"column":8},"end":{"line":180,"column":25}},"type":"binary-expr","locations":[{"start":{"line":180,"column":8},"end":{"line":180,"column":13}},{"start":{"line":180,"column":17},"end":{"line":180,"column":25}}],"line":180},"17":{"loc":{"start":{"line":193,"column":4},"end":{"line":195,"column":5}},"type":"if","locations":[{"start":{"line":193,"column":4},"end":{"line":195,"column":5}},{"start":{},"end":{}}],"line":193},"18":{"loc":{"start":{"line":193,"column":8},"end":{"line":193,"column":25}},"type":"binary-expr","locations":[{"start":{"line":193,"column":8},"end":{"line":193,"column":13}},{"start":{"line":193,"column":17},"end":{"line":193,"column":25}}],"line":193},"19":{"loc":{"start":{"line":218,"column":4},"end":{"line":224,"column":5}},"type":"if","locations":[{"start":{"line":218,"column":4},"end":{"line":224,"column":5}},{"start":{"line":220,"column":11},"end":{"line":224,"column":5}}],"line":218},"20":{"loc":{"start":{"line":220,"column":11},"end":{"line":224,"column":5}},"type":"if","locations":[{"start":{"line":220,"column":11},"end":{"line":224,"column":5}},{"start":{"line":222,"column":11},"end":{"line":224,"column":5}}],"line":220},"21":{"loc":{"start":{"line":235,"column":4},"end":{"line":237,"column":5}},"type":"if","locations":[{"start":{"line":235,"column":4},"end":{"line":237,"column":5}},{"start":{},"end":{}}],"line":235},"22":{"loc":{"start":{"line":275,"column":4},"end":{"line":277,"column":5}},"type":"if","locations":[{"start":{"line":275,"column":4},"end":{"line":277,"column":5}},{"start":{},"end":{}}],"line":275},"23":{"loc":{"start":{"line":280,"column":4},"end":{"line":282,"column":5}},"type":"if","locations":[{"start":{"line":280,"column":4},"end":{"line":282,"column":5}},{"start":{},"end":{}}],"line":280},"24":{"loc":{"start":{"line":290,"column":4},"end":{"line":292,"column":5}},"type":"if","locations":[{"start":{"line":290,"column":4},"end":{"line":292,"column":5}},{"start":{},"end":{}}],"line":290},"25":{"loc":{"start":{"line":304,"column":4},"end":{"line":306,"column":5}},"type":"if","locations":[{"start":{"line":304,"column":4},"end":{"line":306,"column":5}},{"start":{},"end":{}}],"line":304},"26":{"loc":{"start":{"line":309,"column":4},"end":{"line":311,"column":5}},"type":"if","locations":[{"start":{"line":309,"column":4},"end":{"line":311,"column":5}},{"start":{},"end":{}}],"line":309},"27":{"loc":{"start":{"line":351,"column":4},"end":{"line":357,"column":5}},"type":"if","locations":[{"start":{"line":351,"column":4},"end":{"line":357,"column":5}},{"start":{"line":353,"column":11},"end":{"line":357,"column":5}}],"line":351},"28":{"loc":{"start":{"line":351,"column":8},"end":{"line":351,"column":28}},"type":"binary-expr","locations":[{"start":{"line":351,"column":8},"end":{"line":351,"column":19}},{"start":{"line":351,"column":23},"end":{"line":351,"column":28}}],"line":351},"29":{"loc":{"start":{"line":353,"column":11},"end":{"line":357,"column":5}},"type":"if","locations":[{"start":{"line":353,"column":11},"end":{"line":357,"column":5}},{"start":{"line":355,"column":11},"end":{"line":357,"column":5}}],"line":353},"30":{"loc":{"start":{"line":388,"column":4},"end":{"line":390,"column":5}},"type":"if","locations":[{"start":{"line":388,"column":4},"end":{"line":390,"column":5}},{"start":{},"end":{}}],"line":388},"31":{"loc":{"start":{"line":400,"column":4},"end":{"line":402,"column":5}},"type":"if","locations":[{"start":{"line":400,"column":4},"end":{"line":402,"column":5}},{"start":{},"end":{}}],"line":400},"32":{"loc":{"start":{"line":400,"column":8},"end":{"line":400,"column":39}},"type":"binary-expr","locations":[{"start":{"line":400,"column":8},"end":{"line":400,"column":17}},{"start":{"line":400,"column":21},"end":{"line":400,"column":30}},{"start":{"line":400,"column":34},"end":{"line":400,"column":39}}],"line":400},"33":{"loc":{"start":{"line":413,"column":4},"end":{"line":415,"column":5}},"type":"if","locations":[{"start":{"line":413,"column":4},"end":{"line":415,"column":5}},{"start":{},"end":{}}],"line":413},"34":{"loc":{"start":{"line":435,"column":4},"end":{"line":437,"column":5}},"type":"if","locations":[{"start":{"line":435,"column":4},"end":{"line":437,"column":5}},{"start":{},"end":{}}],"line":435},"35":{"loc":{"start":{"line":435,"column":8},"end":{"line":435,"column":30}},"type":"binary-expr","locations":[{"start":{"line":435,"column":8},"end":{"line":435,"column":17}},{"start":{"line":435,"column":21},"end":{"line":435,"column":30}}],"line":435},"36":{"loc":{"start":{"line":440,"column":4},"end":{"line":442,"column":5}},"type":"if","locations":[{"start":{"line":440,"column":4},"end":{"line":442,"column":5}},{"start":{},"end":{}}],"line":440},"37":{"loc":{"start":{"line":477,"column":0},"end":{"line":482,"column":1}},"type":"if","locations":[{"start":{"line":477,"column":0},"end":{"line":482,"column":1}},{"start":{},"end":{}}],"line":477}},"s":{"0":2,"1":2,"2":2,"3":2,"4":2,"5":2,"6":2,"7":2,"8":2,"9":2,"10":2,"11":2,"12":2,"13":2,"14":2,"15":2,"16":2,"17":0,"18":0,"19":0,"20":0,"21":2,"22":0,"23":0,"24":0,"25":0,"26":0,"27":0,"28":2,"29":0,"30":0,"31":0,"32":0,"33":0,"34":0,"35":0,"36":2,"37":0,"38":0,"39":0,"40":0,"41":0,"42":0,"43":0,"44":2,"45":0,"46":0,"47":0,"48":0,"49":2,"50":0,"51":0,"52":0,"53":0,"54":0,"55":0,"56":0,"57":0,"58":0,"59":2,"60":0,"61":0,"62":0,"63":0,"64":0,"65":0,"66":2,"67":0,"68":0,"69":0,"70":0,"71":0,"72":0,"73":0,"74":2,"75":0,"76":0,"77":0,"78":0,"79":0,"80":0,"81":0,"82":2,"83":0,"84":0,"85":0,"86":0,"87":2,"88":0,"89":0,"90":0,"91":0,"92":0,"93":0,"94":0,"95":2,"96":0,"97":0,"98":0,"99":0,"100":0,"101":0,"102":2,"103":0,"104":0,"105":0,"106":0,"107":0,"108":0,"109":0,"110":2,"111":0,"112":0,"113":0,"114":0,"115":0,"116":0,"117":0,"118":2,"119":0,"120":0,"121":0,"122":0,"123":2,"124":3,"125":3,"126":3,"127":1,"128":2,"129":1,"130":1,"131":3,"132":0,"133":2,"134":1,"135":1,"136":1,"137":0,"138":1,"139":0,"140":2,"141":1,"142":1,"143":1,"144":0,"145":2,"146":1,"147":1,"148":1,"149":0,"150":2,"151":1,"152":1,"153":1,"154":0,"155":2,"156":2,"157":2,"158":2,"159":0,"160":2,"161":2,"162":0,"163":2,"164":2,"165":2,"166":2,"167":2,"168":2,"169":0,"170":2,"171":1,"172":1,"173":1,"174":0,"175":1,"176":1,"177":0,"178":1,"179":1,"180":1,"181":1,"182":1,"183":0,"184":2,"185":3,"186":3,"187":3,"188":3,"189":0,"190":2,"191":0,"192":0,"193":0,"194":0,"195":0,"196":2,"197":0,"198":0,"199":0,"200":0,"201":0,"202":0,"203":0,"204":0,"205":0,"206":2,"207":0,"208":0,"209":0,"210":0,"211":0,"212":2,"213":0,"214":0,"215":0,"216":0,"217":2,"218":0,"219":0,"220":0,"221":0,"222":0,"223":0,"224":2,"225":0,"226":0,"227":0,"228":0,"229":0,"230":0,"231":0,"232":2,"233":0,"234":0,"235":0,"236":0,"237":0,"238":0,"239":2,"240":0,"241":0,"242":0,"243":0,"244":2,"245":11,"246":11,"247":11,"248":2,"249":9,"250":9,"251":2,"252":7,"253":7,"254":0,"255":0,"256":2,"257":0,"258":2,"259":0,"260":0,"261":0,"262":2},"f":{"0":0,"1":0,"2":0,"3":0,"4":0,"5":0,"6":0,"7":0,"8":0,"9":0,"10":0,"11":0,"12":0,"13":0,"14":0,"15":3,"16":1,"17":1,"18":1,"19":1,"20":2,"21":1,"22":3,"23":0,"24":0,"25":0,"26":0,"27":0,"28":0,"29":0,"30":0,"31":11,"32":0,"33":0},"b":{"0":[2,2],"1":[2,2],"2":[0,0],"3":[0,0],"4":[0,0],"5":[0,0],"6":[0,0],"7":[0,0],"8":[0,0],"9":[0,0],"10":[0,0,0],"11":[0,0],"12":[0,0,0],"13":[0,0],"14":[0,0],"15":[0,0],"16":[0,0],"17":[0,0],"18":[0,0],"19":[1,2],"20":[1,1],"21":[0,1],"22":[0,2],"23":[0,2],"24":[0,2],"25":[0,1],"26":[0,1],"27":[0,0],"28":[0,0],"29":[0,0],"30":[0,0],"31":[0,0],"32":[0,0,0],"33":[0,0],"34":[2,9],"35":[11,10],"36":[2,7],"37":[0,2]},"_coverageSchema":"1a1c01bbd47fc00a2c39e90264f33305004495a9","hash":"40d5ed9ee6032549d60a3332ef35280622346694"}
,"/home/nuno-casaleiro/Documents/NunoPersonal/Padel/backoffice/src/database/models/User.js": {"path":"/home/nuno-casaleiro/Documents/NunoPersonal/Padel/backoffice/src/database/models/User.js","statementMap":{"0":{"start":{"line":1,"column":11},"end":{"line":1,"column":27}},"1":{"start":{"line":2,"column":15},"end":{"line":2,"column":32}},"2":{"start":{"line":6,"column":17},"end":{"line":6,"column":26}},"3":{"start":{"line":7,"column":4},"end":{"line":13,"column":8}},"4":{"start":{"line":7,"column":35},"end":{"line":13,"column":5}},"5":{"start":{"line":17,"column":17},"end":{"line":17,"column":26}},"6":{"start":{"line":18,"column":17},"end":{"line":18,"column":65}},"7":{"start":{"line":18,"column":38},"end":{"line":18,"column":64}},"8":{"start":{"line":19,"column":4},"end":{"line":19,"column":27}},"9":{"start":{"line":19,"column":15},"end":{"line":19,"column":27}},"10":{"start":{"line":21,"column":4},"end":{"line":26,"column":6}},"11":{"start":{"line":30,"column":17},"end":{"line":30,"column":26}},"12":{"start":{"line":31,"column":4},"end":{"line":31,"column":65}},"13":{"start":{"line":31,"column":32},"end":{"line":31,"column":55}},"14":{"start":{"line":36,"column":4},"end":{"line":36,"column":70}},"15":{"start":{"line":40,"column":4},"end":{"line":40,"column":48}},"16":{"start":{"line":44,"column":17},"end":{"line":44,"column":26}},"17":{"start":{"line":47,"column":4},"end":{"line":49,"column":5}},"18":{"start":{"line":47,"column":29},"end":{"line":47,"column":52}},"19":{"start":{"line":48,"column":6},"end":{"line":48,"column":49}},"20":{"start":{"line":52,"column":23},"end":{"line":52,"column":53}},"21":{"start":{"line":53,"column":4},"end":{"line":55,"column":5}},"22":{"start":{"line":54,"column":6},"end":{"line":54,"column":38}},"23":{"start":{"line":57,"column":18},"end":{"line":59,"column":9}},"24":{"start":{"line":58,"column":40},"end":{"line":58,"column":54}},"25":{"start":{"line":61,"column":17},"end":{"line":67,"column":5}},"26":{"start":{"line":69,"column":4},"end":{"line":69,"column":26}},"27":{"start":{"line":70,"column":4},"end":{"line":70,"column":18}},"28":{"start":{"line":72,"column":4},"end":{"line":77,"column":6}},"29":{"start":{"line":81,"column":17},"end":{"line":81,"column":26}},"30":{"start":{"line":82,"column":18},"end":{"line":82,"column":71}},"31":{"start":{"line":82,"column":44},"end":{"line":82,"column":70}},"32":{"start":{"line":83,"column":4},"end":{"line":83,"column":34}},"33":{"start":{"line":83,"column":22},"end":{"line":83,"column":34}},"34":{"start":{"line":85,"column":17},"end":{"line":85,"column":34}},"35":{"start":{"line":88,"column":4},"end":{"line":94,"column":5}},"36":{"start":{"line":90,"column":6},"end":{"line":92,"column":7}},"37":{"start":{"line":90,"column":31},"end":{"line":90,"column":92}},"38":{"start":{"line":91,"column":8},"end":{"line":91,"column":51}},"39":{"start":{"line":93,"column":6},"end":{"line":93,"column":39}},"40":{"start":{"line":96,"column":4},"end":{"line":98,"column":5}},"41":{"start":{"line":97,"column":6},"end":{"line":97,"column":63}},"42":{"start":{"line":100,"column":4},"end":{"line":106,"column":5}},"43":{"start":{"line":101,"column":25},"end":{"line":101,"column":55}},"44":{"start":{"line":102,"column":6},"end":{"line":104,"column":7}},"45":{"start":{"line":103,"column":8},"end":{"line":103,"column":40}},"46":{"start":{"line":105,"column":6},"end":{"line":105,"column":31}},"47":{"start":{"line":108,"column":4},"end":{"line":108,"column":18}},"48":{"start":{"line":110,"column":4},"end":{"line":115,"column":6}},"49":{"start":{"line":119,"column":17},"end":{"line":119,"column":26}},"50":{"start":{"line":120,"column":18},"end":{"line":120,"column":71}},"51":{"start":{"line":120,"column":44},"end":{"line":120,"column":70}},"52":{"start":{"line":121,"column":4},"end":{"line":121,"column":35}},"53":{"start":{"line":121,"column":22},"end":{"line":121,"column":35}},"54":{"start":{"line":123,"column":4},"end":{"line":123,"column":32}},"55":{"start":{"line":124,"column":4},"end":{"line":124,"column":18}},"56":{"start":{"line":125,"column":4},"end":{"line":125,"column":16}},"57":{"start":{"line":129,"column":17},"end":{"line":129,"column":45}},"58":{"start":{"line":130,"column":4},"end":{"line":132,"column":5}},"59":{"start":{"line":131,"column":6},"end":{"line":131,"column":18}},"60":{"start":{"line":134,"column":4},"end":{"line":136,"column":5}},"61":{"start":{"line":135,"column":6},"end":{"line":135,"column":18}},"62":{"start":{"line":138,"column":4},"end":{"line":143,"column":6}},"63":{"start":{"line":147,"column":0},"end":{"line":147,"column":22}}},"fnMap":{"0":{"name":"(anonymous_0)","decl":{"start":{"line":5,"column":2},"end":{"line":5,"column":3}},"loc":{"start":{"line":5,"column":18},"end":{"line":14,"column":3}},"line":5},"1":{"name":"(anonymous_1)","decl":{"start":{"line":7,"column":26},"end":{"line":7,"column":27}},"loc":{"start":{"line":7,"column":35},"end":{"line":13,"column":5}},"line":7},"2":{"name":"(anonymous_2)","decl":{"start":{"line":16,"column":2},"end":{"line":16,"column":3}},"loc":{"start":{"line":16,"column":21},"end":{"line":27,"column":3}},"line":16},"3":{"name":"(anonymous_3)","decl":{"start":{"line":18,"column":33},"end":{"line":18,"column":34}},"loc":{"start":{"line":18,"column":38},"end":{"line":18,"column":64}},"line":18},"4":{"name":"(anonymous_4)","decl":{"start":{"line":29,"column":2},"end":{"line":29,"column":3}},"loc":{"start":{"line":29,"column":33},"end":{"line":32,"column":3}},"line":29},"5":{"name":"(anonymous_5)","decl":{"start":{"line":31,"column":27},"end":{"line":31,"column":28}},"loc":{"start":{"line":31,"column":32},"end":{"line":31,"column":55}},"line":31},"6":{"name":"(anonymous_6)","decl":{"start":{"line":34,"column":2},"end":{"line":34,"column":3}},"loc":{"start":{"line":34,"column":32},"end":{"line":37,"column":3}},"line":34},"7":{"name":"(anonymous_7)","decl":{"start":{"line":39,"column":2},"end":{"line":39,"column":3}},"loc":{"start":{"line":39,"column":40},"end":{"line":41,"column":3}},"line":39},"8":{"name":"(anonymous_8)","decl":{"start":{"line":43,"column":2},"end":{"line":43,"column":3}},"loc":{"start":{"line":43,"column":42},"end":{"line":78,"column":3}},"line":43},"9":{"name":"(anonymous_9)","decl":{"start":{"line":47,"column":24},"end":{"line":47,"column":25}},"loc":{"start":{"line":47,"column":29},"end":{"line":47,"column":52}},"line":47},"10":{"name":"(anonymous_10)","decl":{"start":{"line":58,"column":35},"end":{"line":58,"column":36}},"loc":{"start":{"line":58,"column":40},"end":{"line":58,"column":54}},"line":58},"11":{"name":"(anonymous_11)","decl":{"start":{"line":80,"column":2},"end":{"line":80,"column":3}},"loc":{"start":{"line":80,"column":29},"end":{"line":116,"column":3}},"line":80},"12":{"name":"(anonymous_12)","decl":{"start":{"line":82,"column":39},"end":{"line":82,"column":40}},"loc":{"start":{"line":82,"column":44},"end":{"line":82,"column":70}},"line":82},"13":{"name":"(anonymous_13)","decl":{"start":{"line":90,"column":26},"end":{"line":90,"column":27}},"loc":{"start":{"line":90,"column":31},"end":{"line":90,"column":92}},"line":90},"14":{"name":"(anonymous_14)","decl":{"start":{"line":118,"column":2},"end":{"line":118,"column":3}},"loc":{"start":{"line":118,"column":20},"end":{"line":126,"column":3}},"line":118},"15":{"name":"(anonymous_15)","decl":{"start":{"line":120,"column":39},"end":{"line":120,"column":40}},"loc":{"start":{"line":120,"column":44},"end":{"line":120,"column":70}},"line":120},"16":{"name":"(anonymous_16)","decl":{"start":{"line":128,"column":2},"end":{"line":128,"column":3}},"loc":{"start":{"line":128,"column":42},"end":{"line":144,"column":3}},"line":128}},"branchMap":{"0":{"loc":{"start":{"line":19,"column":4},"end":{"line":19,"column":27}},"type":"if","locations":[{"start":{"line":19,"column":4},"end":{"line":19,"column":27}},{"start":{},"end":{}}],"line":19},"1":{"loc":{"start":{"line":31,"column":11},"end":{"line":31,"column":64}},"type":"binary-expr","locations":[{"start":{"line":31,"column":11},"end":{"line":31,"column":56}},{"start":{"line":31,"column":60},"end":{"line":31,"column":64}}],"line":31},"2":{"loc":{"start":{"line":47,"column":4},"end":{"line":49,"column":5}},"type":"if","locations":[{"start":{"line":47,"column":4},"end":{"line":49,"column":5}},{"start":{},"end":{}}],"line":47},"3":{"loc":{"start":{"line":53,"column":4},"end":{"line":55,"column":5}},"type":"if","locations":[{"start":{"line":53,"column":4},"end":{"line":55,"column":5}},{"start":{},"end":{}}],"line":53},"4":{"loc":{"start":{"line":57,"column":18},"end":{"line":59,"column":9}},"type":"cond-expr","locations":[{"start":{"line":58,"column":8},"end":{"line":58,"column":60}},{"start":{"line":59,"column":8},"end":{"line":59,"column":9}}],"line":57},"5":{"loc":{"start":{"line":58,"column":40},"end":{"line":58,"column":54}},"type":"binary-expr","locations":[{"start":{"line":58,"column":40},"end":{"line":58,"column":49}},{"start":{"line":58,"column":53},"end":{"line":58,"column":54}}],"line":58},"6":{"loc":{"start":{"line":83,"column":4},"end":{"line":83,"column":34}},"type":"if","locations":[{"start":{"line":83,"column":4},"end":{"line":83,"column":34}},{"start":{},"end":{}}],"line":83},"7":{"loc":{"start":{"line":88,"column":4},"end":{"line":94,"column":5}},"type":"if","locations":[{"start":{"line":88,"column":4},"end":{"line":94,"column":5}},{"start":{},"end":{}}],"line":88},"8":{"loc":{"start":{"line":90,"column":6},"end":{"line":92,"column":7}},"type":"if","locations":[{"start":{"line":90,"column":6},"end":{"line":92,"column":7}},{"start":{},"end":{}}],"line":90},"9":{"loc":{"start":{"line":90,"column":31},"end":{"line":90,"column":92}},"type":"binary-expr","locations":[{"start":{"line":90,"column":31},"end":{"line":90,"column":62}},{"start":{"line":90,"column":66},"end":{"line":90,"column":92}}],"line":90},"10":{"loc":{"start":{"line":96,"column":4},"end":{"line":98,"column":5}},"type":"if","locations":[{"start":{"line":96,"column":4},"end":{"line":98,"column":5}},{"start":{},"end":{}}],"line":96},"11":{"loc":{"start":{"line":96,"column":8},"end":{"line":96,"column":58}},"type":"binary-expr","locations":[{"start":{"line":96,"column":8},"end":{"line":96,"column":38}},{"start":{"line":96,"column":42},"end":{"line":96,"column":58}}],"line":96},"12":{"loc":{"start":{"line":100,"column":4},"end":{"line":106,"column":5}},"type":"if","locations":[{"start":{"line":100,"column":4},"end":{"line":106,"column":5}},{"start":{},"end":{}}],"line":100},"13":{"loc":{"start":{"line":102,"column":6},"end":{"line":104,"column":7}},"type":"if","locations":[{"start":{"line":102,"column":6},"end":{"line":104,"column":7}},{"start":{},"end":{}}],"line":102},"14":{"loc":{"start":{"line":121,"column":4},"end":{"line":121,"column":35}},"type":"if","locations":[{"start":{"line":121,"column":4},"end":{"line":121,"column":35}},{"start":{},"end":{}}],"line":121},"15":{"loc":{"start":{"line":130,"column":4},"end":{"line":132,"column":5}},"type":"if","locations":[{"start":{"line":130,"column":4},"end":{"line":132,"column":5}},{"start":{},"end":{}}],"line":130},"16":{"loc":{"start":{"line":134,"column":4},"end":{"line":136,"column":5}},"type":"if","locations":[{"start":{"line":134,"column":4},"end":{"line":136,"column":5}},{"start":{},"end":{}}],"line":134}},"s":{"0":2,"1":2,"2":0,"3":0,"4":0,"5":0,"6":0,"7":0,"8":0,"9":0,"10":0,"11":12,"12":12,"13":16,"14":10,"15":10,"16":0,"17":0,"18":0,"19":0,"20":0,"21":0,"22":0,"23":0,"24":0,"25":0,"26":0,"27":0,"28":0,"29":0,"30":0,"31":0,"32":0,"33":0,"34":0,"35":0,"36":0,"37":0,"38":0,"39":0,"40":0,"41":0,"42":0,"43":0,"44":0,"45":0,"46":0,"47":0,"48":0,"49":0,"50":0,"51":0,"52":0,"53":0,"54":0,"55":0,"56":0,"57":12,"58":12,"59":2,"60":10,"61":2,"62":8,"63":2},"f":{"0":0,"1":0,"2":0,"3":0,"4":12,"5":16,"6":10,"7":10,"8":0,"9":0,"10":0,"11":0,"12":0,"13":0,"14":0,"15":0,"16":12},"b":{"0":[0,0],"1":[12,2],"2":[0,0],"3":[0,0],"4":[0,0],"5":[0,0],"6":[0,0],"7":[0,0],"8":[0,0],"9":[0,0],"10":[0,0],"11":[0,0],"12":[0,0],"13":[0,0],"14":[0,0],"15":[2,10],"16":[2,8]},"_coverageSchema":"1a1c01bbd47fc00a2c39e90264f33305004495a9","hash":"dcbd7863c7f269a518f4ec9b8b3306ba9d7cd87e"}
}
