TN:
SF:src/server.js
FN:24,(anonymous_0)
FN:33,(anonymous_1)
FN:45,(anonymous_2)
FN:58,(anonymous_3)
FN:71,(anonymous_4)
FN:81,(anonymous_5)
FN:100,(anonymous_6)
FN:112,(anonymous_7)
FN:125,(anonymous_8)
FN:138,(anonymous_9)
FN:148,(anonymous_10)
FN:165,(anonymous_11)
FN:177,(anonymous_12)
FN:190,(anonymous_13)
FN:203,(anonymous_14)
FN:213,(anonymous_15)
FN:232,(anonymous_16)
FN:244,(anonymous_17)
FN:253,(anonymous_18)
FN:262,(anonymous_19)
FN:272,(anonymous_20)
FN:301,(anonymous_21)
FN:325,(anonymous_22)
FN:335,(anonymous_23)
FN:346,(anonymous_24)
FN:365,(anonymous_25)
FN:376,(anonymous_26)
FN:385,(anonymous_27)
FN:397,(anonymous_28)
FN:410,(anonymous_29)
FN:422,(anonymous_30)
FN:432,(anonymous_31)
FN:472,(anonymous_32)
FN:478,(anonymous_33)
FNF:34
FNH:9
FNDA:0,(anonymous_0)
FNDA:0,(anonymous_1)
FNDA:0,(anonymous_2)
FNDA:0,(anonymous_3)
FNDA:0,(anonymous_4)
FNDA:0,(anonymous_5)
FNDA:0,(anonymous_6)
FNDA:0,(anonymous_7)
FNDA:0,(anonymous_8)
FNDA:0,(anonymous_9)
FNDA:0,(anonymous_10)
FNDA:0,(anonymous_11)
FNDA:0,(anonymous_12)
FNDA:0,(anonymous_13)
FNDA:0,(anonymous_14)
FNDA:3,(anonymous_15)
FNDA:1,(anonymous_16)
FNDA:1,(anonymous_17)
FNDA:1,(anonymous_18)
FNDA:1,(anonymous_19)
FNDA:2,(anonymous_20)
FNDA:1,(anonymous_21)
FNDA:3,(anonymous_22)
FNDA:0,(anonymous_23)
FNDA:0,(anonymous_24)
FNDA:0,(anonymous_25)
FNDA:0,(anonymous_26)
FNDA:0,(anonymous_27)
FNDA:0,(anonymous_28)
FNDA:0,(anonymous_29)
FNDA:0,(anonymous_30)
FNDA:11,(anonymous_31)
FNDA:0,(anonymous_32)
FNDA:0,(anonymous_33)
DA:1,2
DA:2,2
DA:3,2
DA:4,2
DA:7,2
DA:8,2
DA:9,2
DA:10,2
DA:11,2
DA:12,2
DA:13,2
DA:15,2
DA:16,2
DA:17,2
DA:20,2
DA:21,2
DA:24,2
DA:25,0
DA:26,0
DA:27,0
DA:29,0
DA:33,2
DA:34,0
DA:35,0
DA:36,0
DA:37,0
DA:39,0
DA:41,0
DA:45,2
DA:46,0
DA:47,0
DA:48,0
DA:49,0
DA:51,0
DA:52,0
DA:54,0
DA:58,2
DA:59,0
DA:60,0
DA:61,0
DA:62,0
DA:64,0
DA:65,0
DA:67,0
DA:71,2
DA:72,0
DA:73,0
DA:74,0
DA:76,0
DA:81,2
DA:82,0
DA:83,0
DA:86,0
DA:87,0
DA:88,0
DA:89,0
DA:91,0
DA:94,0
DA:96,0
DA:100,2
DA:101,0
DA:102,0
DA:103,0
DA:104,0
DA:106,0
DA:108,0
DA:112,2
DA:113,0
DA:114,0
DA:115,0
DA:116,0
DA:118,0
DA:119,0
DA:121,0
DA:125,2
DA:126,0
DA:127,0
DA:128,0
DA:129,0
DA:131,0
DA:132,0
DA:134,0
DA:138,2
DA:139,0
DA:140,0
DA:141,0
DA:143,0
DA:148,2
DA:149,0
DA:150,0
DA:153,0
DA:154,0
DA:156,0
DA:159,0
DA:161,0
DA:165,2
DA:166,0
DA:167,0
DA:168,0
DA:169,0
DA:171,0
DA:173,0
DA:177,2
DA:178,0
DA:179,0
DA:180,0
DA:181,0
DA:183,0
DA:184,0
DA:186,0
DA:190,2
DA:191,0
DA:192,0
DA:193,0
DA:194,0
DA:196,0
DA:197,0
DA:199,0
DA:203,2
DA:204,0
DA:205,0
DA:206,0
DA:208,0
DA:213,2
DA:214,3
DA:215,3
DA:218,3
DA:219,1
DA:220,2
DA:221,1
DA:223,1
DA:226,3
DA:228,0
DA:232,2
DA:233,1
DA:234,1
DA:235,1
DA:236,0
DA:238,1
DA:240,0
DA:244,2
DA:245,1
DA:246,1
DA:247,1
DA:249,0
DA:253,2
DA:254,1
DA:255,1
DA:256,1
DA:258,0
DA:262,2
DA:263,1
DA:264,1
DA:265,1
DA:267,0
DA:272,2
DA:273,2
DA:274,2
DA:275,2
DA:276,0
DA:279,2
DA:280,2
DA:281,0
DA:284,2
DA:285,2
DA:287,2
DA:290,2
DA:294,2
DA:295,2
DA:297,0
DA:301,2
DA:302,1
DA:303,1
DA:304,1
DA:305,0
DA:308,1
DA:309,1
DA:310,0
DA:313,1
DA:314,1
DA:316,1
DA:318,1
DA:319,1
DA:321,0
DA:325,2
DA:326,3
DA:327,3
DA:328,3
DA:329,3
DA:331,0
DA:335,2
DA:336,0
DA:337,0
DA:338,0
DA:339,0
DA:341,0
DA:346,2
DA:347,0
DA:348,0
DA:351,0
DA:352,0
DA:353,0
DA:354,0
DA:356,0
DA:359,0
DA:361,0
DA:365,2
DA:366,0
DA:367,0
DA:368,0
DA:369,0
DA:371,0
DA:376,2
DA:377,0
DA:378,0
DA:379,0
DA:381,0
DA:385,2
DA:386,0
DA:387,0
DA:388,0
DA:389,0
DA:391,0
DA:393,0
DA:397,2
DA:398,0
DA:399,0
DA:400,0
DA:401,0
DA:403,0
DA:404,0
DA:406,0
DA:410,2
DA:411,0
DA:412,0
DA:413,0
DA:414,0
DA:416,0
DA:418,0
DA:422,2
DA:423,0
DA:424,0
DA:425,0
DA:427,0
DA:432,2
DA:433,11
DA:434,11
DA:435,11
DA:436,2
DA:439,9
DA:440,9
DA:441,2
DA:445,7
DA:456,7
DA:466,0
DA:467,0
DA:472,2
DA:473,0
DA:477,2
DA:478,0
DA:479,0
DA:480,0
DA:484,2
LF:263
LH:106
BRDA:16,0,0,2
BRDA:16,0,1,2
BRDA:17,1,0,2
BRDA:17,1,1,2
BRDA:36,2,0,0
BRDA:36,2,1,0
BRDA:48,3,0,0
BRDA:48,3,1,0
BRDA:61,4,0,0
BRDA:61,4,1,0
BRDA:86,5,0,0
BRDA:86,5,1,0
BRDA:86,6,0,0
BRDA:86,6,1,0
BRDA:88,7,0,0
BRDA:88,7,1,0
BRDA:103,8,0,0
BRDA:103,8,1,0
BRDA:115,9,0,0
BRDA:115,9,1,0
BRDA:115,10,0,0
BRDA:115,10,1,0
BRDA:115,10,2,0
BRDA:128,11,0,0
BRDA:128,11,1,0
BRDA:128,12,0,0
BRDA:128,12,1,0
BRDA:128,12,2,0
BRDA:153,13,0,0
BRDA:153,13,1,0
BRDA:168,14,0,0
BRDA:168,14,1,0
BRDA:180,15,0,0
BRDA:180,15,1,0
BRDA:180,16,0,0
BRDA:180,16,1,0
BRDA:193,17,0,0
BRDA:193,17,1,0
BRDA:193,18,0,0
BRDA:193,18,1,0
BRDA:218,19,0,1
BRDA:218,19,1,2
BRDA:220,20,0,1
BRDA:220,20,1,1
BRDA:235,21,0,0
BRDA:235,21,1,1
BRDA:275,22,0,0
BRDA:275,22,1,2
BRDA:280,23,0,0
BRDA:280,23,1,2
BRDA:290,24,0,0
BRDA:290,24,1,2
BRDA:304,25,0,0
BRDA:304,25,1,1
BRDA:309,26,0,0
BRDA:309,26,1,1
BRDA:351,27,0,0
BRDA:351,27,1,0
BRDA:351,28,0,0
BRDA:351,28,1,0
BRDA:353,29,0,0
BRDA:353,29,1,0
BRDA:388,30,0,0
BRDA:388,30,1,0
BRDA:400,31,0,0
BRDA:400,31,1,0
BRDA:400,32,0,0
BRDA:400,32,1,0
BRDA:400,32,2,0
BRDA:413,33,0,0
BRDA:413,33,1,0
BRDA:435,34,0,2
BRDA:435,34,1,9
BRDA:435,35,0,11
BRDA:435,35,1,10
BRDA:440,36,0,2
BRDA:440,36,1,7
BRDA:477,37,0,0
BRDA:477,37,1,2
BRF:79
BRH:21
end_of_record
TN:
SF:src/database/models/User.js
FN:5,(anonymous_0)
FN:7,(anonymous_1)
FN:16,(anonymous_2)
FN:18,(anonymous_3)
FN:29,(anonymous_4)
FN:31,(anonymous_5)
FN:34,(anonymous_6)
FN:39,(anonymous_7)
FN:43,(anonymous_8)
FN:47,(anonymous_9)
FN:58,(anonymous_10)
FN:80,(anonymous_11)
FN:82,(anonymous_12)
FN:90,(anonymous_13)
FN:118,(anonymous_14)
FN:120,(anonymous_15)
FN:128,(anonymous_16)
FNF:17
FNH:5
FNDA:0,(anonymous_0)
FNDA:0,(anonymous_1)
FNDA:0,(anonymous_2)
FNDA:0,(anonymous_3)
FNDA:12,(anonymous_4)
FNDA:16,(anonymous_5)
FNDA:10,(anonymous_6)
FNDA:10,(anonymous_7)
FNDA:0,(anonymous_8)
FNDA:0,(anonymous_9)
FNDA:0,(anonymous_10)
FNDA:0,(anonymous_11)
FNDA:0,(anonymous_12)
FNDA:0,(anonymous_13)
FNDA:0,(anonymous_14)
FNDA:0,(anonymous_15)
FNDA:12,(anonymous_16)
DA:1,2
DA:2,2
DA:6,0
DA:7,0
DA:17,0
DA:18,0
DA:19,0
DA:21,0
DA:30,12
DA:31,16
DA:36,10
DA:40,10
DA:44,0
DA:47,0
DA:48,0
DA:52,0
DA:53,0
DA:54,0
DA:57,0
DA:58,0
DA:61,0
DA:69,0
DA:70,0
DA:72,0
DA:81,0
DA:82,0
DA:83,0
DA:85,0
DA:88,0
DA:90,0
DA:91,0
DA:93,0
DA:96,0
DA:97,0
DA:100,0
DA:101,0
DA:102,0
DA:103,0
DA:105,0
DA:108,0
DA:110,0
DA:119,0
DA:120,0
DA:121,0
DA:123,0
DA:124,0
DA:125,0
DA:129,12
DA:130,12
DA:131,2
DA:134,10
DA:135,2
DA:138,8
DA:147,2
LF:54
LH:13
BRDA:19,0,0,0
BRDA:19,0,1,0
BRDA:31,1,0,12
BRDA:31,1,1,2
BRDA:47,2,0,0
BRDA:47,2,1,0
BRDA:53,3,0,0
BRDA:53,3,1,0
BRDA:57,4,0,0
BRDA:57,4,1,0
BRDA:58,5,0,0
BRDA:58,5,1,0
BRDA:83,6,0,0
BRDA:83,6,1,0
BRDA:88,7,0,0
BRDA:88,7,1,0
BRDA:90,8,0,0
BRDA:90,8,1,0
BRDA:90,9,0,0
BRDA:90,9,1,0
BRDA:96,10,0,0
BRDA:96,10,1,0
BRDA:96,11,0,0
BRDA:96,11,1,0
BRDA:100,12,0,0
BRDA:100,12,1,0
BRDA:102,13,0,0
BRDA:102,13,1,0
BRDA:121,14,0,0
BRDA:121,14,1,0
BRDA:130,15,0,2
BRDA:130,15,1,10
BRDA:134,16,0,2
BRDA:134,16,1,8
BRF:34
BRH:6
end_of_record
